Arguments: 
  /usr/bin/node /home/radevwebio/.yarn/bin/yarn.js add express http-status-codes pino @typegoose/typegoose mongoose express-async-errors zod zod-express-middleware argon2 jsonwebtoken cookie-parser mongoose-slug-generator nanoid busboy cors helmet

PATH: 
  /home/radevwebio/.yarn/bin:/home/radevwebio/.config/yarn/global/node_modules/.bin:/home/radevwebio/.local/bin:/usr/local/sbin:/usr/local/bin:/usr/sbin:/usr/bin:/sbin:/bin:/usr/games:/usr/local/games:/snap/bin

Yarn version: 
  1.22.5

Node version: 
  14.19.1

Platform: 
  linux x64

Trace: 
  Error: getaddrinfo EAI_AGAIN registry.yarnpkg.com
      at GetAddrInfoReqWrap.onlookup [as oncomplete] (dns.js:71:26)

npm manifest: 
  {
    "name": "backend",
    "version": "1.0.0",
    "main": "index.js",
    "license": "MIT"
  }

yarn manifest: 
  No manifest

Lockfile: 
  No lockfile
